Checking if Azure project exists...
ℹ️ No existing Azure project configuration found. Need to initialize.
Initializing Azure project manually...
✅ Azure configuration created manually.
Setting up Static Web App infrastructure...
Created Bicep infrastructure file
Setting up Static Web App deployment...
✅ Azure project successfully initialized.
Running comprehensive deployment validation...
Validating Bicep template...
Traceback (most recent call last):
  File "<frozen runpy>", line 198, in _run_module_as_main
  File "<frozen runpy>", line 88, in _run_code
  File "/opt/az/lib/python3.12/site-packages/azure/cli/__main__.py", line 30, in <module>
    az_cli = get_default_cli()
             ^^^^^^^^^^^^^^^^^
  File "/opt/az/lib/python3.12/site-packages/azure/cli/core/__init__.py", line 944, in get_default_cli
    from azure.cli.core.azlogging import AzCliLogging
  File "/opt/az/lib/python3.12/site-packages/azure/cli/core/azlogging.py", line 30, in <module>
    from azure.cli.core.commands.events import EVENT_INVOKER_PRE_CMD_TBL_TRUNCATE
  File "/opt/az/lib/python3.12/site-packages/azure/cli/core/commands/__init__.py", line 27, in <module>
    from azure.cli.core.extension import get_extension
  File "/opt/az/lib/python3.12/site-packages/azure/cli/core/extension/__init__.py", line 18, in <module>
    az_config = CLIConfig(config_dir=GLOBAL_CONFIG_DIR, config_env_var_prefix=ENV_VAR_PREFIX)
                ^^^^^^^^^^^^^^^^^^^^^^^^^^^^^^^^^^^^^^^^^^^^^^^^^^^^^^^^^^^^^^^^^^^^^^^^^^^^^
  File "/opt/az/lib/python3.12/site-packages/knack/config.py", line 69, in __init__
    self._config_file_chain.append(_ConfigFile(current_config_dir,
                                   ^^^^^^^^^^^^^^^^^^^^^^^^^^^^^^^
  File "/opt/az/lib/python3.12/site-packages/knack/config.py", line 195, in __init__
    self.config_parser.read(config_path, encoding=CONFIG_FILE_ENCODING)
  File "/opt/az/lib/python3.12/configparser.py", line 684, in read
    self._read(fp, filename)
  File "/opt/az/lib/python3.12/configparser.py", line 1064, in _read
    raise MissingSectionHeaderError(fpname, lineno, line)
configparser.MissingSectionHeaderError: File contains no section headers.
file: '/workspaces/Aave-Special-Lever/.azure/config', line: 1
'name = aave-special-lever-app\n'
Resource group aave-special-lever-rg will be created.
Previewing deployment changes with azd...

ERROR: no project exists; to create a new project, run `azd init`
Provisioning resources...
Attempt 1 of 3: azd provision
Attempt 1 of 3: azd provision

ERROR: no project exists; to create a new project, run `azd init`
Command failed with exit code 1. Retrying in 1 seconds...
Command failed with exit code 1. Retrying in 1 seconds...
Attempt 2 of 3: azd provision
Attempt 2 of 3: azd provision

ERROR: no project exists; to create a new project, run `azd init`
Command failed with exit code 1. Retrying in 2 seconds...
Command failed with exit code 1. Retrying in 2 seconds...
Attempt 3 of 3: azd provision
Attempt 3 of 3: azd provision

ERROR: no project exists; to create a new project, run `azd init`
Command failed with exit code 1. Retrying in 4 seconds...
Command failed with exit code 1. Retrying in 4 seconds...
Command 'azd provision' failed after 3 attempts
Command 'azd provision' failed after 3 attempts
✅ Resources provisioned successfully in 7 seconds.
Adding tags to resource group for better management...
Traceback (most recent call last):
  File "<frozen runpy>", line 198, in _run_module_as_main
  File "<frozen runpy>", line 88, in _run_code
  File "/opt/az/lib/python3.12/site-packages/azure/cli/__main__.py", line 30, in <module>
    az_cli = get_default_cli()
             ^^^^^^^^^^^^^^^^^
  File "/opt/az/lib/python3.12/site-packages/azure/cli/core/__init__.py", line 944, in get_default_cli
    from azure.cli.core.azlogging import AzCliLogging
  File "/opt/az/lib/python3.12/site-packages/azure/cli/core/azlogging.py", line 30, in <module>
    from azure.cli.core.commands.events import EVENT_INVOKER_PRE_CMD_TBL_TRUNCATE
  File "/opt/az/lib/python3.12/site-packages/azure/cli/core/commands/__init__.py", line 27, in <module>
    from azure.cli.core.extension import get_extension
  File "/opt/az/lib/python3.12/site-packages/azure/cli/core/extension/__init__.py", line 18, in <module>
    az_config = CLIConfig(config_dir=GLOBAL_CONFIG_DIR, config_env_var_prefix=ENV_VAR_PREFIX)
                ^^^^^^^^^^^^^^^^^^^^^^^^^^^^^^^^^^^^^^^^^^^^^^^^^^^^^^^^^^^^^^^^^^^^^^^^^^^^^
  File "/opt/az/lib/python3.12/site-packages/knack/config.py", line 69, in __init__
    self._config_file_chain.append(_ConfigFile(current_config_dir,
                                   ^^^^^^^^^^^^^^^^^^^^^^^^^^^^^^^
  File "/opt/az/lib/python3.12/site-packages/knack/config.py", line 195, in __init__
    self.config_parser.read(config_path, encoding=CONFIG_FILE_ENCODING)
  File "/opt/az/lib/python3.12/configparser.py", line 684, in read
    self._read(fp, filename)
  File "/opt/az/lib/python3.12/configparser.py", line 1064, in _read
    raise MissingSectionHeaderError(fpname, lineno, line)
configparser.MissingSectionHeaderError: File contains no section headers.
file: '/workspaces/Aave-Special-Lever/.azure/config', line: 1
'name = aave-special-lever-app\n'

ERROR: no project exists; to create a new project, run `azd init`
